23:28:09 **** Incremental Build of configuration Release for project AirFlowMonitor ****
make all 
Building file: ../main.c
Invoking: AVR Compiler
avr-gcc -Wall -Os -fpack-struct -fshort-enums -ffunction-sections -fdata-sections -std=gnu99 -funsigned-char -funsigned-bitfields -mmcu=atmega168 -DF_CPU=1000000UL -MMD -MP -MF"main.d" -MT"main.o" -c -o "main.o" "../main.c"
../main.h:10: warning: 'initADC' declared 'static' but never defined
Finished building: ../main.c
 
Building target: AirFlowMonitor.elf
Invoking: AVR C Linker
avr-gcc -Wl,-Map,AirFlowMonitor.map -mmcu=atmega168 -o "AirFlowMonitor.elf"  ./main.o   
Finished building target: AirFlowMonitor.elf
 
Invoking: AVR Create Extended Listing
avr-objdump -h -S AirFlowMonitor.elf  >"AirFlowMonitor.lss"
Finished building: AirFlowMonitor.lss
 
Create Flash image (ihex format)
avr-objcopy -R .eeprom -R .fuse -R .lock -R .signature -O ihex AirFlowMonitor.elf  "AirFlowMonitor.hex"
Finished building: AirFlowMonitor.hex
 
Create eeprom image (ihex format)
avr-objcopy -j .eeprom --no-change-warnings --change-section-lma .eeprom=0 -O ihex AirFlowMonitor.elf  "AirFlowMonitor.eep"
Finished building: AirFlowMonitor.eep
 
Invoking: Print Size
avr-size --format=avr --mcu=atmega168 AirFlowMonitor.elf
AVR Memory Usage
----------------
Device: atmega168

Program:     180 bytes (1.1% Full)
(.text + .data + .bootloader)

Data:          0 bytes (0.0% Full)
(.data + .bss + .noinit)


Finished building: sizedummy
 

23:28:09 Build Finished (took 270ms)

